1692296941529	geckodriver	INFO	Listening on 127.0.0.1:1832
1692296944578	mozrunner::runner	INFO	Running command: "C:\\Program Files\\Mozilla Firefox\\firefox.exe" "--marionette" "--remote-debugging-port" "1833" "--remote-allow-hosts" "localhost" "-no-remote" "-profile" "C:\\Users\\mbayy\\AppData\\Local\\Temp\\rust_mozprofilecgJnjP"
console.warn: services.settings: Ignoring preference override of remote settings server
console.warn: services.settings: Allow by setting MOZ_REMOTE_SETTINGS_DEVTOOLS=1 in the environment
1692296944821	Marionette	INFO	Marionette enabled
Dynamically enable window occlusion 0
1692296944824	Marionette	INFO	Listening on port 1841
WebDriver BiDi listening on ws://127.0.0.1:1833
Read port: 1841
1692296944942	RemoteAgent	WARN	TLS certificate errors will be ignored for this session
DevTools listening on ws://127.0.0.1:1833/devtools/browser/7932eb2e-89a9-4f16-b6a9-ca6f7b98c893
JavaScript error: https://www.googletagmanager.com/gtm.js?id=GTM-NCDTBW, line 87: uncaught exception: [object Object]
JavaScript error: https://www.googletagmanager.com/gtm.js?id=GTM-NCDTBW, line 87: uncaught exception: [object Object]
console.warn: LoginRecipes: "Falling back to a synchronous message for: https://www.n11.com."
console.warn: LoginRecipes: "Falling back to a synchronous message for: https://www.n11.com."
JavaScript error: https://www.googletagmanager.com/gtm.js?id=GTM-NCDTBW, line 87: uncaught exception: [object Object]
JavaScript error: https://www.googletagmanager.com/gtm.js?id=GTM-NCDTBW, line 87: uncaught exception: [object Object]
JavaScript error: https://www.googletagmanager.com/gtm.js?id=GTM-NCDTBW, line 87: uncaught exception: [object Object]
JavaScript error: https://www.googletagmanager.com/gtm.js?id=GTM-NCDTBW, line 87: uncaught exception: [object Object]
JavaScript warning: https://pagead2.googlesyndication.com/bg/H7NiGUBWITXDbUXvzcl9NdwFkmo5ojjKC-Hhm2BY16o.js line 2 > eval line 2056 > eval line 1 > eval line 1 > eval, line 1: WEBGL_debug_renderer_info is deprecated in Firefox and will be removed. Please use RENDERER.
1692296960836	Marionette	INFO	Stopped listening on port 1841
Dynamically enable window occlusion 1
JavaScript error: , line 0: TypeError: NetworkError when attempting to fetch resource.
JavaScript error: , line 0: OperationError: Could not move temporary file(C:\Users\mbayy\AppData\Local\Temp\rust_mozprofilecgJnjP\sessionCheckpoints.json.tmp) to destination(C:\Users\mbayy\AppData\Local\Temp\rust_mozprofilecgJnjP\sessionCheckpoints.json)
